[debug] [2021-11-04T09:59:43.105Z] ----------------------------------------------------------------------
[debug] [2021-11-04T09:59:43.109Z] Command:       C:\Program Files\nodejs\node.exe C:\Users\amanp\AppData\Roaming\npm\node_modules\firebase-tools\lib\bin\firebase.js init hosting
[debug] [2021-11-04T09:59:43.110Z] CLI Version:   9.21.0
[debug] [2021-11-04T09:59:43.110Z] Platform:      win32
[debug] [2021-11-04T09:59:43.111Z] Node Version:  v15.11.0
[debug] [2021-11-04T09:59:43.123Z] Time:          Thu Nov 04 2021 15:29:43 GMT+0530 (India Standard Time)
[debug] [2021-11-04T09:59:43.124Z] ----------------------------------------------------------------------
[debug] 
[debug] [2021-11-04T09:59:43.383Z] > command requires scopes: ["email","openid","https://www.googleapis.com/auth/cloudplatformprojects.readonly","https://www.googleapis.com/auth/firebase","https://www.googleapis.com/auth/cloud-platform"]
[debug] [2021-11-04T09:59:43.383Z] > authorizing via signed-in user (aamanpatidar110@gmail.com)
[info] 
     ######## #### ########  ######## ########     ###     ######  ########
     ##        ##  ##     ## ##       ##     ##  ##   ##  ##       ##
     ######    ##  ########  ######   ########  #########  ######  ######
     ##        ##  ##    ##  ##       ##     ## ##     ##       ## ##
     ##       #### ##     ## ######## ########  ##     ##  ######  ########

You're about to initialize a Firebase project in this directory:

  C:\Users\amanp\Desktop\WhatsApp MERN CLONE\whatsapp-web-clone

Before we get started, keep in mind:

  * You are initializing within an existing Firebase project directory

